1654329471260	geckodriver	INFO	Listening on 127.0.0.1:10361
1654329474339	mozrunner::runner	INFO	Running command: "C:\\Program Files\\Mozilla Firefox\\firefox.exe" "--marionette" "--remote-debugging-port" "10362" "--remote-allow-hosts" "localhost" "-no-remote" "-profile" "C:\\Users\\pc\\AppData\\Local\\Temp\\rust_mozprofileWe7XfQ"
1654329475354	Marionette	INFO	Marionette enabled
WebDriver BiDi listening on ws://localhost:10362
console.warn: SearchSettings: "get: No settings file exists, new profile?" (new NotFoundError("Could not open the file at C:\\Users\\pc\\AppData\\Local\\Temp\\rust_mozprofileWe7XfQ\\search.json.mozlz4", (void 0)))
1654329478781	Marionette	INFO	Listening on port 10385
DevTools listening on ws://localhost:10362/devtools/browser/d21a2d1f-5ded-41f4-af39-44711b556976
Read port: 10385
1654329478899	RemoteAgent	WARN	TLS certificate errors will be ignored for this session
1654329505221	Marionette	INFO	Stopped listening on port 10385
console.warn: TopSitesFeed: Failed to fetch data from Contile server: NetworkError when attempting to fetch resource.

###!!! [Child][PContentChild] Error: Send(msgname=PHttpChannel::Msg_RemoveCorsPreflightCacheEntry) Channel closing: too late to send/recv, messages will be lost


###!!! [Child][PContentChild] Error: Send(msgname=PHttpChannel::Msg_DeletingChannelconsole.warn: SearchSettings: "get: No settings file exists, new profile?" (new NotFoundError("Could not open the file at C:\\Users\\pc\\AppData\\Local\\Temp\\rust_mozprofileS6teV4\\search.json.mozlz4", (void 0)))
1654329508732	Marionette	INFO	Listening on port 10745
DevTools listening on ws://localhost:10707/devtools/browser/480ce5d4-1ee9-4a46-9370-5e3b958084af
Read port: 10745
1654329508806	RemoteAgent	WARN	TLS certificate errors will be ignored for this session
JavaScript error: https://www.instagram.com/static/bundles/es6/ConsumerLibCommons.js/a18d4088426e.js, line 479: Error: not eligible for FB login
JavaScript error: https://www.instagram.com/static/bundles/es6/ConsumerLibCommons.js/a18d4088426e.js, line 479: Error: not eligible for FB login
1654329698806	Marionette	INFO	Stopped listening on port 10745
console.warn: TopSitesFeed: Failed to fetch data from Contile server: NetworkError when attempting to fetch resource.
1654332071709	geckodriver	INFO	Listening on 127.0.0.1:10731
1654332074771	mozrunner::runner	INFO	Running command: "C:\\Program Files\\Mozilla Firefox\\firefox.exe" "--marionette" "--remote-debugging-port" "10732" "--remote-allow-hosts" "localhost" "-no-remote" "-profile" "C:\\Users\\pc\\AppData\\Local\\Temp\\rust_mozprofileTv7i2S"
1654332075453	Marionette	INFO	Marionette enabled
WebDriver BiDi listening on ws://localhost:10732
console.warn: SearchSettings: "get: No settings file exists, new profile?" (new NotFoundError("Could not open the file at C:\\Users\\pc\\AppData\\Local\\Temp\\rust_mozprofileTv7i2S\\search.json.mozlz4", (void 0)))
1654332078459	Marionette	INFO	Listening on port 10772
Read port: 10772
DevTools listening on ws://localhost:10732/devtools/browser/a72abda8-5336-4f74-84fc-fec2af95ec41
1654332078499	RemoteAgent	WARN	TLS certificate errors will be ignored for this session
JavaScript error: https://www.instagram.com/static/bundles/es6/ConsumerLibCommons.js/a18d4088426e.js, line 479: Error: not eligible for FB login
1654332098444	Marionette	INFO	Stopped listening on port 10772
console.warn: TopSitesFeed: Failed to fetch data from Contile server: NetworkError when attempting to fetch resource.

###!!! [Child][PContentChild] Error: Send(msgname=PHttpChannel::Msg_DeletingChannel) Channel closing: too late to send/recv, messages will be lost


###!!! [Child][PContentChild] Error: Send(msgname=PHttpChannel::Msg_DeletingChannel) Channel closing: too late to send/recv, messages will be lost


###!!! [Child][PContentChild] Error: Send(msgname=PHttpChannel::Msg_DeletingChannel) Channel closing: too late to send/recv, messages will be lost


###!!! [Child][PContentChild] Error: Send(msgname=PHttpChannel::Msg_Cancel) Channel closing: too late to send/recv, messages will be lost


###!!! [Child][PContentChild] Error: Send(msgname=PHttpChannel::Msg_DeletingChannel) Channel closing: too late to send/recv, messages will be lost


###!!! [Child][PContentChild] Error: Send(msgname=PHttpChannel::Msg_Cancel) Channel closing: too late to send/recv, messages will be lost


###!!! [Child][PContentChild] Error: Send(msgname=PHttpChannel::Msg_DeletingChannel) Channel closing: too late to send/recv, messages will be lost


###!!! [Parent][PGPUParent] Error: RunMessage(msgname=PGPU::Msg_ShutdownVR) Channel closing: too late to send/recv, messages will be lost

1654332519906	geckodriver	INFO	Listening on 127.0.0.1:11310
1654332522103	mozrunner::runner	INFO	Running command: "C:\\Program Files\\Mozilla Firefox\\firefox.exe" "--marionette" "--remote-debugging-port" "11311" "--remote-allow-hosts" "localhost" "-no-remote" "-profile" "C:\\Users\\pc\\AppData\\Local\\Temp\\rust_mozprofilesOBbDA"
1654332523075	Marionette	INFO	Marionette enabled
WebDriver BiDi listening on ws://localhost:11311
console.warn: SearchSettings: "get: No settings file exists, new profile?" (new NotFoundError("Could not open the file at C:\\Users\\pc\\AppData\\Local\\Temp\\rust_mozprofilesOBbDA\\search.json.mozlz4", (void 0)))
1654332527540	Marionette	INFO	Listening on port 11349
DevTools listening on ws://localhost:11311/devtools/browser/0d6f0bc1-21d8-4b73-b5f2-5e34d324bbc2
Read port: 11349
1654332527657	RemoteAgent	WARN	TLS certificate errors will be ignored for this session
JavaScript error: https://www.instagram.com/static/bundles/es6/ConsumerLibCommons.js/a18d4088426e.js, line 479: Error: not eligible for FB login
1654332604778	Marionette	INFO	Stopped listening on port 11349
console.warn: TopSitesFeed: Failed to fetch data from Contile server: NetworkError when attempting to fetch resource.

###!!! [Child][PContentChild] Error: Send(msgname=PNecko::Msg_RemoveRequestContext) Channel closing: too late to send/recv, messages will be lost

1654332808254	geckodriver	INFO	Listening on 127.0.0.1:11731
1654332811296	mozrunner::runner	INFO	Running command: "C:\\Program Files\\Mozilla Firefox\\firefox.exe" "--marionette" "--remote-debugging-port" "11732" "--remote-allow-hosts" "localhost" "-no-remote" "-profile" "C:\\Users\\pc\\AppData\\Local\\Temp\\rust_mozprofilexHJ8u2"
1654332811818	Marionette	INFO	Marionette enabled
WebDriver BiDi listening on ws://localhost:11732
console.warn: SearchSettings: "get: No settings file exists, new profile?" (new NotFoundError("Could not open the file at C:\\Users\\pc\\AppData\\Local\\Temp\\rust_mozprofilexHJ8u2\\search.json.mozlz4", (void 0)))
1654332814575	Marionette	INFO	Listening on port 11765
DevTools listening on ws://localhost:11732/devtools/browser/3f77d991-4ee5-4569-9694-1152fb57c3c2
Read port: 11765
1654332814693	RemoteAgent	WARN	TLS certificate errors will be ignored for this session
JavaScript error: https://www.instagram.com/static/bundles/es6/ConsumerLibCommons.js/a18d4088426e.js, line 479: Error: not eligible for FB login
1654332823393	Marionette	INFO	Stopped listening on port 11765
console.warn: TopSitesFeed: Failed to fetch data from Contile server: NetworkError when attempting to fetch resource.
1654332835995	geckodriver	INFO	Listening on 127.0.0.1:11808
1654332839080	mozrunner::runner	INFO	Running command: "C:\\Program Files\\Mozilla Firefox\\firefox.exe" "--marionette" "--remote-debugging-port" "11809" "--remote-allow-hosts" "localhost" "-no-remote" "-profile" "C:\\Users\\pc\\AppData\\Local\\Temp\\rust_mozprofile79dV6K"
1654332839625	Marionette	INFO	Marionette enabled
WebDriver BiDi listening on ws://localhost:11809
console.warn: SearchSettings: "get: No settings file exists, new profile?" (new NotFoundError("Could not open the file at C:\\Users\\pc\\AppData\\Local\\Temp\\rust_mozprofile79dV6K\\search.json.mozlz4", (void 0)))
1654332842301	Marionette	INFO	Listening on port 11838
DevTools listening on ws://localhost:11809/devtools/browser/1c9f5753-a9c1-41ad-98b8-5bbf010f43f5
Read port: 11838
1654332842372	RemoteAgent	WARN	TLS certificate errors will be ignored for this session
JavaScript error: https://www.instagram.com/static/bundles/es6/ConsumerLibCommons.js/a18d4088426e.js, line 479: Error: not eligible for FB login
1654332867875	Marionette	INFO	Stopped listening on port 11838
console.warn: TopSitesFeed: Failed to fetch data from Contile server: NetworkError when attempting to fetch resource.
1654333185317	geckodriver	INFO	Listening on 127.0.0.1:12327
1654333188357	mozrunner::runner	INFO	Running command: "C:\\Program Files\\Mozilla Firefox\\firefox.exe" "--marionette" "--remote-debugging-port" "12328" "--remote-allow-hosts" "localhost" "-no-remote" "-profile" "C:\\Users\\pc\\AppData\\Local\\Temp\\rust_mozprofileJDTzD0"
1654333188982	Marionette	INFO	Marionette enabled
WebDriver BiDi listening on ws://localhost:12328
console.warn: SearchSettings: "get: No settings file exists, new profile?" (new NotFoundError("Could not open the file at C:\\Users\\pc\\AppData\\Local\\Temp\\rust_mozprofileJDTzD0\\search.json.mozlz4", (void 0)))
1654333192306	Marionette	INFO	Listening on port 12355
DevTools listening on ws://localhost:12328/devtools/browser/27c85a6f-3b4a-4d61-97e1-3a3644cd0962
Read port: 12355
1654333192403	RemoteAgent	WARN	TLS certificate errors will be ignored for this session
console.warn: LoginRecipes: "getRecipes: falling back to a synchronous message for:" "https://www.instagram.com"
console.warn: LoginRecipes: "getRecipes: falling back to a synchronous message for:" "https://www.instagram.com"
JavaScript error: resource://gre/modules/LoginManagerParent.jsm, line 136: TypeError: gRecipeManager is null
SourceActor threw an exception: [Exception... "Component returned failure code: 0x80470002 (NS_BASE_STREAM_CLOSED) [nsIInputStream.available]"  nsresult: "0x80470002 (NS_BASE_STREAM_CLOSED)"  location: "JS frame :: resource://devtools/shared/DevToolsUtils.js :: onResponse :: line 596"  data: no]
Stack: onResponse@resource://devtools/shared/DevToolsUtils.js:596:34
onStopRequest@resource://gre/modules/NetUtil.jsm:128:18
Line: 596, column: 0
console.error: ({})
JavaScript error: resource://devtools/shared/DevToolsUtils.js, line 596: NS_BASE_STREAM_CLOSED: Component returned failure code: 0x80470002 (NS_BASE_STREAM_CLOSED) [nsIInputStream.available]
JavaScript error: https://www.instagram.com/static/bundles/es6/DirectMQTT.js/49dba8e1d742.js, line 20: Error: Publish Timed Out
console.error: Region.jsm: "Error fetching region" (new TypeError("NetworkError when attempting to fetch resource.", ""))
console.error: Region.jsm: "Failed to fetch region" (new Error("NO_RESULT", "resource://gre/modules/Region.jsm", 419))
JavaScript error: resource://gre/modules/AsyncShutdown.jsm, line 575: NotFoundError: No such JSWindowActor 'DevToolsFrame'
1654339638821	Marionette	INFO	Stopped listening on port 12355
1654339759396	geckodriver	INFO	Listening on 127.0.0.1:13495
1654339762451	mozrunner::runner	INFO	Running command: "C:\\Program Files\\Mozilla Firefox\\firefox.exe" "--marionette" "--remote-debugging-port" "13496" "--remote-allow-hosts" "localhost" "-no-remote" "-profile" "C:\\Users\\pc\\AppData\\Local\\Temp\\rust_mozprofileyDQjwM"
1654339763217	Marionette	INFO	Marionette enabled
WebDriver BiDi listening on ws://localhost:13496
console.warn: SearchSettings: "get: No settings file exists, new profile?" (new NotFoundError("Could not open the file at C:\\Users\\pc\\AppData\\Local\\Temp\\rust_mozprofileyDQjwM\\search.json.mozlz4", (void 0)))
1654339765967	Marionette	INFO	Listening on port 13526
DevTools listening on ws://localhost:13496/devtools/browser/d5bad1f5-5e37-405c-986f-22feefeee1cc
Read port: 13526
1654339766090	RemoteAgent	WARN	TLS certificate errors will be ignored for this session
JavaScript error: https://www.instagram.com/static/bundles/es6/ConsumerLibCommons.js/a18d4088426e.js, line 479: Error: not eligible for FB login
console.warn: LoginRecipes: "getRecipes: falling back to a synchronous message for:" "https://www.instagram.com"
console.warn: LoginRecipes: "getRecipes: falling back to a synchronous message for:" "https://www.instagram.com"
JavaScript error: resource://gre/modules/LoginManagerParent.jsm, line 136: TypeError: gRecipeManager is null
JavaScript error: https://www.instagram.com/static/bundles/es6/ConsumerLibCommons.js/a18d4088426e.js, line 479: Error: not eligible for FB login
JavaScript error: , line 0: uncaught exception: Object
JavaScript error: , line 0: NotFoundError: No such JSWindowActor 'DevToolsFrame'
JavaScript warning: https://static.cdninstagram.com/rsrc.php/v3itBX4/yV/l/en_US/ELk19kgHKfe.js?_nc_x=Ij3Wp8lg5Kz, line 42: WEBGL_debug_renderer_info is deprecated in Firefox and will be removed. Please use RENDERER.
JavaScript warning: https://static.cdninstagram.com/rsrc.php/v3itBX4/yV/l/en_US/ELk19kgHKfe.js?_nc_x=Ij3Wp8lg5Kz, line 42: WEBGL_debug_renderer_info is deprecated in Firefox and will be removed. Please use RENDERER.
JavaScript error: https://static.cdninstagram.com/rsrc.php/v3iJ6g4/ya/l/en_US/WMHCTwHaUxJYqofZX6DhyHdROdngIWRKIIEeAgG2JE0hdyCmZLkwTmXt0mjgE0AV7wq9k0Svs8An9eBWuU6cHc8D73rsMHyoxx-BluIw7UeINJTJTrhyRxm1I6TRy6XVXO8nG1wYiYgYLVK4KoBbOigBZ0T-U6MBaroCXO-DsyOpfRsj1lT-C3ScRgfosqWde42Wnok8mo5-3Yvm8Mu8MSDDxSujyhkka-JMnmR1pQmt7UipVvK2x0lazGVWrZ61C1HC2anhti1K_YTwn0c.js?_nc_x=Ij3Wp8lg5Kz, line 5559: TypeError: h is undefined
JavaScript error: https://static.cdninstagram.com/rsrc.php/v3iJ6g4/ya/l/en_US/WMHCTwHaUxJYqofZX6DhyHdROdngIWRKIIEeAgG2JE0hdyCmZLkwTmXt0mjgE0AV7wq9k0Svs8An9eBWuU6cHc8D73rsMHyoxx-BluIw7UeINJTJTrhyRxm1I6TRy6XVXO8nG1wYiYgYLVK4KoBbOigBZ0T-U6MBaroCXO-DsyOpfRsj1lT-C3ScRgfosqWde42Wnok8mo5-3Yvm8Mu8MSDDxSujyhkka-JMnmR1pQmt7UipVvK2x0lazGVWrZ61C1HC2anhti1K_YTwn0c.js?_nc_x=Ij3Wp8lg5Kz, line 5559: TypeError: h is undefined
JavaScript error: https://static.cdninstagram.com/rsrc.php/v3iJ6g4/ya/l/en_US/WMHCTwHaUxJYqofZX6DhyHdROdngIWRKIIEeAgG2JE0hdyCmZLkwTmXt0mjgE0AV7wq9k0Svs8An9eBWuU6cHc8D73rsMHyoxx-BluIw7UeINJTJTrhyRxm1I6TRy6XVXO8nG1wYiYgYLVK4KoBbOigBZ0T-U6MBaroCXO-DsyOpfRsj1lT-C3ScRgfosqWde42Wnok8mo5-3Yvm8Mu8MSDDxSujyhkka-JMnmR1pQmt7UipVvK2x0lazGVWrZ61C1HC2anhti1K_YTwn0c.js?_nc_x=Ij3Wp8lg5Kz, line 5559: TypeError: h is undefined
JavaScript warning: https://static.xx.fbcdn.net/rsrc.php/v3ilgh4/ys/l/en_US/ieOcLgkX64R2BgdwBCXMAYgZD1CdIhcNv55WY1lohp4mKPSnaTTP-HkvH7fxG3TsW4koje-Gc9fUFWEZLgjLXSl0ubUPtrYMGMIeg-DlCbkdZRDPErO-suHgEA_J2x7JAnp9BIBjZuRwHLarEzFOlxLoGpaB-HfZPKbpFft-_-moN6gSb7QCeAixODUo3lPfn14XdEq6-oKv4Us523APsnTuwZdVpEYYeQuEEZ7wYoHT7Pc9CZKkcEQhm0MvV1VMt1743G9SZj8FyZMtIlm.js?_nc_x=Ij3Wp8lg5Kz, line 71: WEBGL_debug_renderer_info is deprecated in Firefox and will be removed. Please use RENDERER.
JavaScript warning: https://static.cdninstagram.com/rsrc.php/v3itBX4/yV/l/en_US/ELk19kgHKfe.js?_nc_x=Ij3Wp8lg5Kz, line 42: WEBGL_debug_renderer_info is deprecated in Firefox and will be removed. Please use RENDERER.
JavaScript warning: https://static.cdninstagram.com/rsrc.php/v3itBX4/yV/l/en_US/ELk19kgHKfe.js?_nc_x=Ij3Wp8lg5Kz, line 42: WEBGL_debug_renderer_info is deprecated in Firefox and will be removed. Please use RENDERER.
JavaScript warning: https://static.cdninstagram.com/rsrc.php/v3itBX4/yV/l/en_US/ELk19kgHKfe.js?_nc_x=Ij3Wp8lg5Kz, line 42: WEBGL_debug_renderer_info is deprecated in Firefox and will be removed. Please use RENDERER.
JavaScript warning: https://static.cdninstagram.com/rsrc.php/v3itBX4/yV/l/en_US/ELk19kgHKfe.js?_nc_x=Ij3Wp8lg5Kz, line 42: WEBGL_debug_renderer_info is deprecated in Firefox and will be removed. Please use RENDERER.
JavaScript warning: https://static.cdninstagram.com/rsrc.php/v3itBX4/yV/l/en_US/ELk19kgHKfe.js?_nc_x=Ij3Wp8lg5Kz, line 42: WEBGL_debug_renderer_info is deprecated in Firefox and will be removed. Please use RENDERER.
JavaScript warning: https://static.cdninstagram.com/rsrc.php/v3itBX4/yV/l/en_US/ELk19kgHKfe.js?_nc_x=Ij3Wp8lg5Kz, line 42: WEBGL_debug_renderer_info is deprecated in Firefox and will be removed. Please use RENDERER.
JavaScript warning: https://static.cdninstagram.com/rsrc.php/v3itBX4/yV/l/en_US/ELk19kgHKfe.js?_nc_x=Ij3Wp8lg5Kz, line 42: WEBGL_debug_renderer_info is deprecated in Firefox and will be removed. Please use RENDERER.
JavaScript warning: https://static.cdninstagram.com/rsrc.php/v3itBX4/yV/l/en_US/ELk19kgHKfe.js?_nc_x=Ij3Wp8lg5Kz, line 42: WEBGL_debug_renderer_info is deprecated in Firefox and will be removed. Please use RENDERER.
JavaScript warning: https://static.cdninstagram.com/rsrc.php/v3itBX4/yV/l/en_US/ELk19kgHKfe.js?_nc_x=Ij3Wp8lg5Kz, line 42: WEBGL_debug_renderer_info is deprecated in Firefox and will be removed. Please use RENDERER.
1654373316275	geckodriver	INFO	Listening on 127.0.0.1:11075
1654373319419	mozrunner::runner	INFO	Running command: "C:\\Program Files\\Mozilla Firefox\\firefox.exe" "--marionette" "--remote-debugging-port" "11076" "--remote-allow-hosts" "localhost" "-no-remote" "-profile" "C:\\Users\\pc\\AppData\\Local\\Temp\\rust_mozprofile4vTtYv"
1654373320479	Marionette	INFO	Marionette enabled
WebDriver BiDi listening on ws://localhost:11076
console.warn: SearchSettings: "get: No settings file exists, new profile?" (new NotFoundError("Could not open the file at C:\\Users\\pc\\AppData\\Local\\Temp\\rust_mozprofile4vTtYv\\search.json.mozlz4", (void 0)))
1654373323479	Marionette	INFO	Listening on port 11101
DevTools listening on ws://localhost:11076/devtools/browser/3fcb4dc5-d8aa-4769-8eb7-686fc58a2273
Read port: 11101
1654373323745	RemoteAgent	WARN	TLS certificate errors will be ignored for this session
JavaScript error: https://www.instagram.com/static/bundles/es6/ConsumerLibCommons.js/a18d4088426e.js, line 479: Error: not eligible for FB login
console.warn: LoginRecipes: "getRecipes: falling back to a synchronous message for:" "https://www.instagram.com"
console.warn: LoginRecipes: "getRecipes: falling back to a synchronous message for:" "https://www.instagram.com"
JavaScript error: resource://gre/modules/LoginManagerParent.jsm, line 136: TypeError: gRecipeManager is null
JavaScript error: https://www.instagram.com/static/bundles/es6/ConsumerLibCommons.js/a18d4088426e.js, line 479: Error: not eligible for FB login
1654373339597	Marionette	WARN	Ignoring event 'pageshow' because document has an invalid readyState of 'uninitialized'.
1654373375607	Marionette	INFO	Stopped listening on port 11101
console.warn: TopSitesFeed: Failed to fetch data from Contile server: NetworkError when attempting to fetch resource.
1654373521010	geckodriver	INFO	Listening on 127.0.0.1:11343
1654373524064	mozrunner::runner	INFO	Running command: "C:\\Program Files\\Mozilla Firefox\\firefox.exe" "--marionette" "--remote-debugging-port" "11344" "--remote-allow-hosts" "localhost" "-no-remote" "-profile" "C:\\Users\\pc\\AppData\\Local\\Temp\\rust_mozprofile5MS4rB"
1654373524720	Marionette	INFO	Marionette enabled
WebDriver BiDi listening on ws://localhost:11344
console.warn: SearchSettings: "get: No settings file exists, new profile?" (new NotFoundError("Could not open the file at C:\\Users\\pc\\AppData\\Local\\Temp\\rust_mozprofile5MS4rB\\search.json.mozlz4", (void 0)))
1654373527951	Marionette	INFO	Listening on port 11371
Read port: 11371
1654373528027	RemoteAgent	WARN	TLS certificate errors will be ignored for this session
DevTools listening on ws://localhost:11344/devtools/browser/4cc26dc0-8742-4f91-b3e6-5237412fafc9
console.warn: LoginRecipes: "getRecipes: falling back to a synchronous message for:" "https://www.instagram.com"
console.warn: LoginRecipes: "getRecipes: falling back to a synchronous message for:" "https://www.instagram.com"
JavaScript error: resource://gre/modules/LoginManagerParent.jsm, line 136: TypeError: gRecipeManager is null
JavaScript warning: https://static.cdninstagram.com/rsrc.php/v3itBX4/yV/l/en_US/ELk19kgHKfe.js?_nc_x=Ij3Wp8lg5Kz, line 42: WEBGL_debug_renderer_info is deprecated in Firefox and will be removed. Please use RENDERER.
[Child 9972, MediaDecoderStateMachine #1] WARNING: 19bea531450 Could not set cubeb stream name.: file /builds/worker/checkouts/gecko/dom/media/AudioStream.cpp:317
[Child 9972, MediaDecoderStateMachine #1] WARNING: 19bea531cd0 Could not set cubeb stream name.: file /builds/worker/checkouts/gecko/dom/media/AudioStream.cpp:317
[Child 9972, MediaDecoderStateMachine #1] WARNING: 19bf1153ef0 Could not set cubeb stream name.: file /builds/worker/checkouts/gecko/dom/media/AudioStream.cpp:317
[Child 9972, MediaDecoderStateMachine #1] WARNING: 19bf1153ef0 Could not set cubeb stream name.: file /builds/worker/checkouts/gecko/dom/media/AudioStream.cpp:317
JavaScript warning: https://static.cdninstagram.com/rsrc.php/v3itBX4/yV/l/en_US/ELk19kgHKfe.js?_nc_x=Ij3Wp8lg5Kz, line 42: WEBGL_debug_renderer_info is deprecated in Firefox and will be removed. Please use RENDERER.
JavaScript warning: https://static.cdninstagram.com/rsrc.php/v3itBX4/yV/l/en_US/ELk19kgHKfe.js?_nc_x=Ij3Wp8lg5Kz, line 42: WEBGL_debug_renderer_info is deprecated in Firefox and will be removed. Please use RENDERER.
[Child 9972, MediaDecoderStateMachine #1] WARNING: 19bf1153ef0 Could not set cubeb stream name.: file /builds/worker/checkouts/gecko/dom/media/AudioStream.cpp:317
[Child 9972, MediaDecoderStateMachine #1] WARNING: 19bfa92e130 Could not set cubeb stream name.: file /builds/worker/checkouts/gecko/dom/media/AudioStream.cpp:317
[Child 9972, MediaDecoderStateMachine #1] WARNING: 19bfa92e130 Could not set cubeb stream name.: file /builds/worker/checkouts/gecko/dom/media/AudioStream.cpp:317
[Child 9972, MediaDecoderStateMachine #1] WARNING: 19bf1153ef0 Could not set cubeb stream name.: file /builds/worker/checkouts/gecko/dom/media/AudioStream.cpp:317
JavaScript warning: https://static.cdninstagram.com/rsrc.php/v3itBX4/yV/l/en_US/ELk19kgHKfe.js?_nc_x=Ij3Wp8lg5Kz, line 42: WEBGL_debug_renderer_info is deprecated in Firefox and will be removed. Please use RENDERER.
[Child 8380, MediaDecoderStateMachine #1] WARNING: 1dba1bcc8a0 Could not set cubeb stream name.: file /builds/worker/checkouts/gecko/dom/media/AudioStream.cpp:317
[Child 8380, MediaDecoderStateMachine #1] WARNING: 1db9ba27790 Could not set cubeb stream name.: file /builds/worker/checkouts/gecko/dom/media/AudioStream.cpp:317
[Child 8380, MediaDecoderStateMachine #1] WARNING: 1db9ba27790 Could not set cubeb stream name.: file /builds/worker/checkouts/gecko/dom/media/AudioStream.cpp:317
[Child 8380, MediaDecoderStateMachine #2] WARNING: 1db9ba27790 Could not set cubeb stream name.: file /builds/worker/checkouts/gecko/dom/media/AudioStream.cpp:317
[Child 8380, MediaDecoderStateMachine #2] WARNING: 1db9ba27790 Could not set cubeb stream name.: file /builds/worker/checkouts/gecko/dom/media/AudioStream.cpp:317
[Child 8380, MediaDecoderStateMachine #2] WARNING: 1db9ba27790 Could not set cubeb stream name.: file /builds/worker/checkouts/gecko/dom/media/AudioStream.cpp:317
[Child 8380, MediaDecoderStateMachine #2] WARNING: 1db9ba27790 Could not set cubeb stream name.: file /builds/worker/checkouts/gecko/dom/media/AudioStream.cpp:317
[Child 8380, MediaDecoderStateMachine #2] WARNING: 1db9ba27790 Could not set cubeb stream name.: file /builds/worker/checkouts/gecko/dom/media/AudioStream.cpp:317
[Child 8380, MediaDecoderStateMachine #3] WARNING: 1db9ba27790 Could not set cubeb stream name.: file /builds/worker/checkouts/gecko/dom/media/AudioStream.cpp:317
[Child 8380, MediaDecoderStateMachine #3] WARNING: 1db9ba27790 Could not set cubeb stream name.: file /builds/worker/checkouts/gecko/dom/media/AudioStream.cpp:317
JavaScript warning: https://static.cdninstagram.com/rsrc.php/v3itBX4/yV/l/en_US/ELk19kgHKfe.js?_nc_x=Ij3Wp8lg5Kz, line 42: WEBGL_debug_renderer_info is deprecated in Firefox and will be removed. Please use RENDERER.
SourceActor threw an exception: [Exception... "Component returned failure code: 0x80470002 (NS_BASE_STREAM_CLOSED) [nsIInputStream.available]"  nsresult: "0x80470002 (NS_BASE_STREAM_CLOSED)"  location: "JS frame :: resource://devtools/shared/DevToolsUtils.js :: onResponse :: line 596"  data: no]
Stack: onResponse@resource://devtools/shared/DevToolsUtils.js:596:34
onStopRequest@resource://gre/modules/NetUtil.jsm:128:18
Line: 596, column: 0
console.error: ({})
JavaScript error: resource://devtools/shared/DevToolsUtils.js, line 596: NS_BASE_STREAM_CLOSED: Component returned failure code: 0x80470002 (NS_BASE_STREAM_CLOSED) [nsIInputStream.available]
[Child 8380, MediaDecoderStateMachine #4] WARNING: 1db9ba27790 Could not set cubeb stream name.: file /builds/worker/checkouts/gecko/dom/media/AudioStream.cpp:317
console.error: "Unable to find target with innerWindowId:4294967311"
console.error: "Unable to find target with innerWindowId:4294967311"
console.error: "Unable to find target with innerWindowId:4294967313"
console.error: "Unable to find target with innerWindowId:4294967314"
[Child 8380, MediaDecoderStateMachine #6] WARNING: 1db9ba27790 Could not set cubeb stream name.: file /builds/worker/checkouts/gecko/dom/media/AudioStream.cpp:317
[Child 8380, MediaDecoderStateMachine #7] WARNING: 1db9ba27790 Could not set cubeb stream name.: file /builds/worker/checkouts/gecko/dom/media/AudioStream.cpp:317
console.error: (new TypeError("container.node.targetFront is null", "resource://devtools/client/inspector/markup/markup.js", 2320))
[Child 8380, MediaDecoderStateMachine #7] WARNING: 1db9ba27790 Could not set cubeb stream name.: file /builds/worker/checkouts/gecko/dom/media/AudioStream.cpp:317
console.error: (new TypeError("parent is null", "resource://devtools/client/inspector/shared/style-change-tracker.js", 67))
TypeError: parent is null: canMutationImpactCurrentStyles@resource://devtools/client/inspector/shared/style-change-tracker.js:67:24
onMutations@resource://devtools/client/inspector/shared/style-change-tracker.js:84:41
_emit@resource://devtools/shared/event-emitter.js:242:32
emit@resource://devtools/shared/event-emitter.js:186:18
emit@resource://devtools/shared/event-emitter.js:330:18
getMutations@resource://devtools/client/fronts/walker.js:312:10

console.error: (new TypeError("nodeFront.walkerFront is null", "resource://devtools/client/inspector/markup/markup.js", 956))
TypeError: nodeFront.walkerFront is null: _onNewSelection@resource://devtools/client/inspector/markup/markup.js:956:7
_emit@resource://devtools/shared/event-emitter.js:242:32
emit@resource://devtools/shared/event-emitter.js:186:18
emit@resource://devtools/shared/event-emitter.js:330:18
setNodeFront@resource://devtools/client/framework/selection.js:206:10
onDetached@resource://devtools/client/inspector/inspector.js:1693:20
_emit@resource://devtools/shared/event-emitter.js:242:32
emit@resource://devtools/shared/event-emitter.js:186:18
emit@resource://devtools/shared/event-emitter.js:330:18
_onMutations@resource://devtools/client/framework/selection.js:104:12
_emit@resource://devtools/shared/event-emitter.js:242:32
emit@resource://devtools/shared/event-emitter.js:186:18
emit@resource://devtools/shared/event-emitter.js:330:18
getMutations@resource://devtools/client/fronts/walker.js:312:10

console.error: (new Error("Can not send request 'getUniqueSelector' because front 'domnode' is already destroyed.", "resource://devtools/shared/protocol/Front/FrontClassWithSpec.js", 28))
console.error: (new TypeError("container.node.targetFront is null", "resource://devtools/client/inspector/markup/markup.js", 2320))
console.error: (new TypeError("parent is null", "resource://devtools/client/inspector/shared/style-change-tracker.js", 67))
TypeError: parent is null: canMutationImpactCurrentStyles@resource://devtools/client/inspector/shared/style-change-tracker.js:67:24
onMutations@resource://devtools/client/inspector/shared/style-change-tracker.js:84:41
_emit@resource://devtools/shared/event-emitter.js:242:32
emit@resource://devtools/shared/event-emitter.js:186:18
emit@resource://devtools/shared/event-emitter.js:330:18
getMutations@resource://devtools/client/fronts/walker.js:312:10

console.error: (new TypeError("nodeFront.walkerFront is null", "resource://devtools/client/inspector/markup/markup.js", 956))
TypeError: nodeFront.walkerFront is null: _onNewSelection@resource://devtools/client/inspector/markup/markup.js:956:7
_emit@resource://devtools/shared/event-emitter.js:242:32
emit@resource://devtools/shared/event-emitter.js:186:18
emit@resource://devtools/shared/event-emitter.js:330:18
setNodeFront@resource://devtools/client/framework/selection.js:206:10
onDetached@resource://devtools/client/inspector/inspector.js:1693:20
_emit@resource://devtools/shared/event-emitter.js:242:32
emit@resource://devtools/shared/event-emitter.js:186:18
emit@resource://devtools/shared/event-emitter.js:330:18
_onMutations@resource://devJavaScript warning: https://static.cdninstagram.com/rsrc.php/v3itBX4/yV/l/en_US/ELk19kgHKfe.js?_nc_x=Ij3Wp8lg5Kz, line 42: WEBGL_debug_renderer_info is deprecated in Firefox and will be removed. Please use RENDERER.
JavaScript error: resource://gre/modules/AsyncShutdown.jsm, line 575: NotFoundError: No such JSWindowActor 'DevToolsFrame'
1654376404399	Marionette	INFO	Stopped listening on port 12542
urce://devtools/shared/protocol/Front/FrontClassWithSpec.js", 28))
console.error: (new TypeError("container.node.targetFront is null", "resource://devtools/client/inspector/markup/markup.js", 2320))
console.error: (new TypeError("parent is null", "resource://devtools/client/inspector/shared/style-change-tracker.js", 67))
TypeError: parent is null: canMutationImpactCurrentStyles@resource://devtools/client/inspector/shared/style-change-tracker.js:67:24
onMutations@resource://devtools/client/inspector/shared/style-change-tracker.js:84:41
_emit@resource://devtools/shared/event-emitter.js:242:32
emit@resource://devtools/shared/event-emitter.js:186:18
emit@resource://devtools/shared/event-emitter.js:330:18
getMutations@resource://devtools/client/fronts/walker.js:312:10

console.error: (new TypeError("nodeFront.walkerFront is null", "resource://devtools/client/inspector/markup/markup.js", 956))
TypeError: nodeFront.walkerFront is null: _onNewSelection@resource://devtools/client/inspector/markup/markup.js:956:7
_emit@resource://devtools/shared/event-emitter.js:242:32
emit@resource://devtools/shared/event-emitter.js:186:18
emit@resource://devtools/shared/event-emitter.js:330:18
setNodeFront@resource://devtools/client/framework/selection.js:206:10
onDetached@resource://devtools/client/inspector/inspector.js:1693:20
_emit@resource://devtools/shared/event-emitter.js:242:32
emit@resource://devtools/shared/event-emitter.js:186:18
emit@resource://devtools/shared/event-emitter.js:330:18
_onMutations@resource://devtools/client/framework/selection.js:104:12
_emit@resource://devtools/shared/event-emitter.js:242:32
emit@resource://devtools/shared/event-emitter.js:186:18
emit@resource://devtools/shared/event-emitter.js:330:18
getMutations@resource://devtools/client/fronts/walker.js:312:10

console.error: (new Error("Can not send request 'getUniqueSelector' because front 'domnode' is already destroyed.", "resource://devtools/shared/protocol/Front/FrontClassWithSpec.js", 28))
console.error: (new TypeError("container.node.targetFront is null", "resource://devtools/client/inspector/markup/markup.js", 2320))
[Child 8380, MediaDecoderStateMachine #7] WARNING: 1db9ba27790 Could not set cubeb stream name.: file /builds/worker/checkouts/gecko/dom/media/AudioStream.cpp:317
console.error: (new TypeError("parent is null", "resource://devtools/client/inspector/shared/style-change-tracker.js", 67))
TypeError: parent is null: canMutationImpactCurrentStyles@resource://devtools/client/inspector/shared/style-change-tracker.js:67:24
onMutations@resource://devtools/client/inspector/shared/style-change-tracker.js:84:41
_emit@resource://devtools/shared/event-emitter.js:242:32
emit@resource://devtools/shared/event-emitter.js:186:18
emit@resource://devtools/shared/event-emitter.js:330:18
getMutations@resource://devtools/client/fronts/walker.js:312:10

[Child 8380, MediaDecoderStateMachine #7] WARNING: 1db9ba27790 Could not set cubeb stream name.: file /builds/worker/checkouts/gecko/dom/media/AudioStream.cpp:317
console.error: (new TypeError("parent is null", "resource://devtools/client/inspector/shared/style-change-tracker.js", 67))
TypeError: parent is null: canMutationImpactCurrentStyles@resource://devtools/client/inspector/shared/style-change-tracker.js:67:24
onMutations@resource://devtools/client/inspector/shared/style-change-tracker.js:84:41
_emit@resource://devtools/shared/event-emitter.js:242:32
emit@resource://devtools/shared/event-emitter.js:186:18
emit@resource://devtools/shared/event-emitter.js:330:18
getMutations@resource://devtools/client/fronts/walker.js:312:10

[Child 8380, MediaDecoderStateMachine #7] WARNING: 1db9ba27790 Could not set cubeb stream name.: file /builds/worker/checkouts/gecko/dom/media/AudioStream.cpp:317
console.error: (new TypeError("parent is null", "resource://devtools/client/inspector/shared/style-change-tracker.js", 67))
TypeError: parent is null: canMutationImpactCurrentStyles@resource://devtools/client/inspector/shared/style-change-tracker.js:67:24
onMutations@resource://devtools/client/inspector/shared/style-change-tracker.js:84:41
_emit@resource://devtools/shared/event-emitter.js:242:32
emit@resource://devtools/shared/event-emitter.js:186:18
emit@resource://devtools/shared/event-emitter.js:330:18
getMutations@resource://devtools/client/fronts/walker.js:312:10

[Child 8380, MediaDecoderStateMachine #7] WARNING: 1db9ba27790 Could not set cubeb stream name.: file /builds/worker/checkouts/gecko/dom/media/AudioStream.cpp:317
console.error: (new TypeError("parent is null", "resource://devtools/client/inspector/shared/style-change-tracker.js", 67))
TypeError: parent is null: canMutationImpactCurrentStyles@resource://devtools/client/inspector/shared/style-change-tracker.js:67:24
onMutations@resource://devtools/client/inspector/shared/style-change-tracker.js:84:41
_emit@resource://devtools/shared/event-emitter.js:242:32
emit@resource://devtools/shared/event-emitter.js:186:18
emit@resource://devtools/shared/event-emitter.js:330:18
getMutations@resource://devtools/client/fronts/walker.js:312:10

console.error: (new TypeError("container.node.targetFront is null", "resource://devtools/client/inspector/markup/markup.js", 2320))
console.error: (new TypeError("container.node.targetFront is null", "resource://devtools/client/inspector/markup/markup.js", 2320))
JavaScript error: resource://devtools/server/connectors/js-window-actor/DevToolsFrameParent.jsm, line 217: TypeError: watcher is undefined
console.error: (new TypeError("parent is null", "resource://devtools/client/inspector/shared/style-change-tracker.js", 67))
TypeError: parent is null: canMutationImpactCurrentStyles@resource://devtools/client/inspector/shared/style-change-tracker.js:67:24
onMutations@resource://devtools/client/inspector/shared/style-change-tracker.js:84:41
_emit@resource://devtools/shared/event-emitter.js:242:32
emit@resource://devtools/shared/event-emitter.js:186:18
emit@resource://devtools/shared/event-emitter.js:330:18
getMutations@resource://devtools/client/fronts/walker.js:312:10

console.error: (new TypeError("nodeFront.walkerFront is null", "resource://devtools/client/inspector/markup/markup.js", 956))
TypeError: nodeFront.walkerFront is null: _onNewSelection@resource://devtools/client/inspector/markup/markup.js:956:7
_emit@resource://devtools/shared/event-emitter.js:242:32
emit@resource://devtools/shared/event-emitter.js:186:18
emit@resource://devtools/shared/event-emitter.js:330:18
setNodeFront@resource://devtools/client/framework/selection.js:206:10
onDetached@resource://devtools/client/inspector/inspector.js:1693:20
_emit@resource://devtools/shared/event-emitter.js:242:32
emit@resource://devtools/shared/event-emitter.js:186:18
emit@resource://devtools/shared/event-emitter.js:330:18
_onMutations@resource://devtools/client/framework/selection.js:104:12
_emit@resource://devtools/shared/event-emitter.js:242:32
emit@resource://devtools/shared/event-emitter.js:186:18
emit@resource://devtools/shared/event-emitter.js:330:18
getMutations@resource://devtools/client/fronts/walker.js:312:10

console.error: (new Error("Can not send request 'getUniqueSelector' because front 'domnode' is already destroyed.", "resource://devtools/shared/protocol/Front/FrontClassWithSpec.js", 28))
console.error: (new TypeError("container.node.targetFront is null", "resource://devtools/client/inspector/markup/markup.js", 2320))
[Child 8380, MediaDecoderStateMachine #8] WARNING: 1db9ba27790 Could not set cubeb stream name.: file /builds/worker/checkouts/gecko/dom/media/AudioStream.cpp:317
[Child 8380, MediaDecoderStateMachine #8] WARNING: 1db9ba27790 Could not set cubeb stream name.: file /builds/worker/checkouts/gecko/dom/media/AudioStream.cpp:317
JavaScript error: resource://devtools/server/connectors/js-window-actor/DevToolsFrameParent.jsm, line 217: TypeError: watcher is undefined
JavaScript warning: https://static.cdninstagram.com/rsrc.php/v3itBX4/yV/l/en_US/ELk19kgHKfe.js?_nc_x=Ij3Wp8lg5Kz, line 42: WEBGL_debug_renderer_info is deprecated in Firefox and will be removed. Please use RENDERER.
1654376649155	geckodriver	INFO	Listening on 127.0.0.1:13295
1654376652186	mozrunner::runner	INFO	Running command: "C:\\Program Files\\Mozilla Firefox\\firefox.exe" "--marionette" "--remote-debugging-port" "13296" "--remote-allow-hosts" "localhost" "-no-remote" "-profile" "C:\\Users\\pc\\AppData\\Local\\Temp\\rust_mozprofilefKClqu"
1654376652929	Marionette	INFO	Marionette enabled
WebDriver BiDi listening on ws://localhost:13296
console.warn: SearchSettings: "get: No settings file exists, new profile?" (new NotFoundError("Could not open the file at C:\\Users\\pc\\AppData\\Local\\Temp\\rust_mozprofilefKClqu\\search.json.mozlz4", (void 0)))
1654376656496	Marionette	INFO	Listening on port 13320
DevTools listening on ws://localhost:13296/devtools/browser/98e862f1-8b39-4496-9905-7987057566e1
Read port: 13320
1654376656620	RemoteAgent	WARN	TLS certificate errors will be ignored for this session
console.warn: LoginRecipes: "getRecipes: falling back to a synchronous message for:" "https://www.instagram.com"
console.warn: LoginRecipes: "getRecipes: falling back to a synchronous message for:" "https://www.instagram.com"
JavaScript error: resource://gre/modules/LoginManagerParent.jsm, line 136: TypeError: gRecipeManager is null
JavaScript warning: https://static.cdninstagram.com/rsrc.php/v3itBX4/yV/l/en_US/ELk19kgHKfe.js?_nc_x=Ij3Wp8lg5Kz, line 42: WEBGL_debug_renderer_info is deprecated in Firefox and will be removed. Please use RENDERER.
JavaScript warning: https://static.cdninstagram.com/rsrc.php/v3itBX4/yV/l/en_US/ELk19kgHKfe.js?_nc_x=Ij3Wp8lg5Kz, line 42: WEBGL_debug_renderer_info is deprecated in Firefox and will be removed. Please use RENDERER.
JavaScript error: resource://gre/modules/AsyncShutdown.jsm, line 575: NotFoundError: No such JSWindowActor 'DevToolsFrame'
1654376775135	Marionette	INFO	Stopped listening on port 13320

###!!! [Child][PContentChild] Error: Send(msgname=PHttpChannel::Msg_Cancel) Channel closing: too late to send/recv, messages will be lost


###!!! [Child][PContentChild] Error: Send(msgname=PHttpChannel::Msg_DeletingChannel) Channel closing: too late to send/recv, messages will be lost


###!!! [Child][PContentChild] Error: RunMessage(msgname=PHttpChannel::Msg_DeleteSelf) Channel closing: too late to send/recv, messages will be lost


###!!! [Child][PContentChild] Error: RunMessage(msgname=PHttpChannel::Msg_DeleteSelf) Channel closing: too late to send/recv, messages will be lost

1654376782342	geckodriver	INFO	Listening on 127.0.0.1:13452
1654376818412	geckodriver	INFO	Listening on 127.0.0.1:13478
1654376821483	mozrunner::runner	INFO	Running command: "C:\\Program Files\\Mozilla Firefox\\firefox.exe" "--marionette" "--remote-debugging-port" "13479" "--remote-allow-hosts" "localhost" "-no-remote" "-profile" "C:\\Users\\pc\\AppData\\Local\\Temp\\rust_mozprofileWS41Fb"
1654376822035	Marionette	INFO	Marionette enabled
WebDriver BiDi listening on ws://localhost:13479
console.warn: SearchSettings: "get: No settings file exists, new profile?" (new NotFoundError("Could not open the file at C:\\Users\\pc\\AppData\\Local\\Temp\\rust_mozprofileWS41Fb\\search.json.mozlz4", (void 0)))
1654376824756	Marionette	INFO	Listening on port 13501
Read port: 13501
1654376824799	RemoteAgent	WARN	TLS certificate errors will be ignored for this session
DevTools listening on ws://localhost:13479/devtools/browser/b64a0edd-3937-4e2d-a84e-e936448b0157
console.warn: LoginRecipes: "getRecipes: falling back to a synchronous message for:" "https://www.instagram.com"
1654376857408	Marionette	INFO	Stopped listening on port 1351654376860184	mozrunner::runner	INFO	Running command: "C:\\Program Files\\Mozilla Firefox\\firefox.exe" "--marionette" "--remote-debugging-port" "6779" "--remote-allow-hosts" "localhost" "-no-remote" "-profile" "C:\\Users\\pc\\AppData\\Local\\Temp\\rust_mozprofile3gQXAg"
1654376860711	Marionette	INFO	Marionette enabled
WebDriver BiDi listening on ws://localhost:6779
console.warn: SearchSettings: "get: No settings file exists, new profile?" (new NotFoundError("Could not open the file at C:\\Users\\pc\\AppData\\Local\\Temp\\rust_mozprofile3gQXAg\\search.json.mozlz4", (void 0)))
1654376863370	Marionette	INFO	Listening on port 6803
Read port: 6803
DevTools listening on ws://localhost:6779/devtools/browser/e2d913e6-0104-4a4c-8cbb-cd151e60c5d2
1654376863405	RemoteAgent	WARN	TLS certificate errors will be ignored for this session
JavaScript error: https://www.instagram.com/static/bundles/es6/ConsumerLibCommons.js/a18d4088426e.js, line 479: Error: not eligible for FB login
console.warn: LoginRecipes: "getRecipes: falling back to a synchronous message for:" "https://www.instagram.com"
console.warn: LoginRecipes: "getRecipes: falling back to a synchronous message for:" "https://www.instagram.com"
JavaScript error: resource://gre/modules/LoginManagerParent.jsm, line 136: TypeError: gRecipeManager is null
JavaScript error: https://www.instagram.com/static/bundles/es6/ConsumerLibCommons.js/a18d4088426e.js, line 479: Error: not eligible for FB login
JavaScript error: https://www.instagram.com/static/bundles/es6/ConsumerLibCommons.js/a18d4088426e.js, line 479: Error: not eligible for FB login
1654376881110	Marionette	WARN	Ignoring event 'pageshow' because document has an invalid readyState of 'uninitialized'.
1654376923449	Marionette	INFO	Stopped listening on port 6803
console.warn: TopSitesFeed: Failed to fetch data from Contile server: NetworkError when attempting to fetch resource.
1654376994791	geckodriver	INFO	Listening on 127.0.0.1:6910
1654376997876	mozrunner::runner	INFO	Running command: "C:\\Program Files\\Mozilla Firefox\\firefox.exe" "--marionette" "--remote-debugging-port" "6911" "--remote-allow-hosts" "localhost" "-no-remote" "-profile" "C:\\Users\\pc\\AppData\\Local\\Temp\\rust_mozprofileADmESe"
1654376998414	Marionette	INFO	Marionette enabled
WebDriver BiDi listening on ws://localhost:6911
console.warn: SearchSettings: "get: No settings file exists, new profile?" (new NotFoundError("Could not open the file at C:\\Users\\pc\\AppData\\Local\\Temp\\rust_mozprofileADmESe\\search.json.mozlz4", (void 0)))
1654377001029	Marionette	INFO	Listening on port 6935
DevTools listening on ws://localhost:6911/devtools/browser/4f6152d1-f033-49d0-90d7-e64328ae170e
Read port: 6935
1654377001091	RemoteAgent	WARN	TLS certificate errors will be ignored for this session
JavaScript error: https://www.instagram.com/static/bundles/es6/ConsumerLibCommons.js/a18d4088426e.js, line 479: Error: not eligible for FB login
console.warn: LoginRecipes: "getRecipes: falling back to a synchronous message for:" "https://www.instagram.com"
console.warn: LoginRecipes: "getRecipes: falling back to a synchronous message for:" "https://www.instagram.com"
JavaScript error: resource://gre/modules/LoginManagerParent.jsm, line 136: TypeError: gRecipeManager is null
JavaScript error: https://www.instagram.com/static/bundles/es6/ConsumerLibCommons.js/a18d4088426e.js, line 479: Error: not eligible for FB login
JavaScript error: https://www.instagram.com/static/bundles/es6/ConsumerLibCommons.js/a18d4088426e.js, line 479: Error: not eligible for FB login
1654377019562	Marionette	WARN	Ignoring event 'pageshow' because document has an invalid readyState of 'uninitialized'.
JavaScript warning: https://static.cdninstagram.com/rsrc.php/v3itBX4/yV/l/en_US/ELk19kgHKfe.js?_nc_x=Ij3Wp8lg5Kz, line 42: WEBGL_debug_renderer_info is deprecated in Firefox and will be removed. Please use RENDERER.
JavaScript warning: https://static.cdninstagram.com/rsrc.php/v3itBX4/yV/l/en_US/ELk19kgHKfe.js?_nc_x=Ij3Wp8lg5Kz, line 42: WEBGL_debug_renderer_info is deprecated in Firefox and will be removed. Please use RENDERER.
JavaScript warning: https://static.cdninstagram.com/rsrc.php/v3itBX4/yV/l/en_US/ELk19kgHKfe.js?_nc_x=Ij3Wp8lg5Kz, line 42: WEBGL_debug_renderer_info is deprecated in Firefox and will be removed. Please use RENDERER.
JavaScript warning: https://static.cdninstagram.com/rsrc.php/v3itBX4/yV/l/en_US/ELk19kgHKfe.js?_nc_x=Ij3Wp8lg5Kz, line 42: WEBGL_debug_renderer_info is deprecated in Firefox and will be removed. Please use RENDERER.
JavaScript warning: https://static.cdninstagram.com/rsrc.php/v3itBX4/yV/l/en_US/ELk19kgHKfe.js?_nc_x=Ij3Wp8lg5Kz, line 42: WEBGL_debug_renderer_info is deprecated in Firefox and will be removed. Please use RENDERER.
JavaScript warning: https://static.cdninstagram.com/rsrc.php/v3itBX4/yV/l/en_US/ELk19kgHKfe.js?_nc_x=Ij3Wp8lg5Kz, line 42: WEBGL_debug_renderer_info is deprecated in Firefox and will be removed. Please use RENDERER.
JavaScript warning: https://static.cdninstagram.com/rsrc.php/v3itBX4/yV/l/en_US/ELk19kgHKfe.js?_nc_x=Ij3Wp8lg5Kz, line 42: WEBGL_debug_renderer_info is deprecated in Firefox and will be removed. Please use RENDERER.
JavaScript warning: https://static.cdninstagram.com/rsrc.php/v3itBX4/yV/l/en_US/ELk19kgHKfe.js?_nc_x=Ij3Wp8lg5Kz, line 42: WEBGL_debug_renderer_info is deprecated in Firefox and will be removed. Please use RENDERER.
JavaScript warning: https://static.cdninstagram.com/rsrc.php/v3itBX4/yV/l/en_US/ELk19kgHKfe.js?_nc_x=Ij3Wp8lg5Kz, line 42: WEBGL_debug_renderer_info is deprecated in Firefox and will be removed. Please use RENDERER.
JavaScript warning: https://static.cdninstagram.com/rsrc.php/v3itBX4/yV/l/en_US/ELk19kgHKfe.js?_nc_x=Ij3Wp8lg5Kz, line 42: WEBGL_debug_renderer_info is deprecated in Firefox and will be removed. Please use RENDERER.
JavaScript warning: https://static.cdninstagram.com/rsrc.php/v3itBX4/yV/l/en_US/ELk19kgHKfe.js?_nc_x=Ij3Wp8lg5Kz, line 42: WEBGL_debug_renderer_info is deprecated in Firefox and will be removed. Please use RENDERER.
JavaScript warning: https://static.cdninstagram.com/rsrc.php/v3itBX4/yV/l/en_US/ELk19kgHKfe.js?_nc_x=Ij3Wp8lg5Kz, line 42: WEBGL_debug_renderer_info is deprecated in Firefox and will be removed. Please use RENDERER.
JavaScript error: https://www.instagram.com/static/bundles/es6/ConsumerLibCommons.js/a18d4088426e.js, line 479: Error: not eligible for FB login
JavaScript warning: https://static.cdninstagram.com/rsrc.php/v3itBX4/yV/l/en_US/ELk19kgHKfe.js?_nc_x=Ij3Wp8lg5Kz, line 42: WEBGL_debug_renderer_info is deprecated in Firefox and will be removed. Please use RENDERER.
JavaScript warning: https://static.cdninstagram.com/rsrc.php/v3itBX4/yV/l/en_US/ELk19kgHKfe.js?_nc_x=Ij3Wp8lg5Kz, line 42: WEBGL_debug_renderer_info is deprecated in Firefox and will be removed. Please use RENDERER.
JavaScript warning: https://static.cdninstagram.com/rsrc.php/v3itBX4/yV/l/en_US/ELk19kgHKfe.js?_nc_x=Ij3Wp8lg5Kz, line 42: WEBGL_debug_renderer_info is deprecated in Firefox and will be removed. Please use RENDERER.
1654377344347	Marionette	INFO	Stopped listening on port 6935
console.warn: TopSitesFeed: Failed to fetch data from Contile server: NetworkError when attempting to fetch resource.

###!!! [Parent][PGPUParent] Error: RunMessage(msgname=PGPU::Msg_ShutdownVR) Channel closing: too late to send/recv, messages will be lost

ommons.js/a18d4088426e.js, line 479: Error: not eligible for FB login
console.warn: LoginRecipes: "getRecipes: falling back to a synchronous message for:" "https://www.instagram.com"
console.warn: LoginRecipes: "getRecipes: falling back to a synchronous message for:" "https://www.instagram.com"
JavaScript error: resource://gre/modules/LoginManagerParent.jsm, line 136: TypeError: gRecipeManager is null
JavaScript error: https://www.instagram.com/static/bundles/es6/ConsumerLibCommons.js/a18d4088426e.js, line 479: Error: not eligible for FB login
JavaScript error: , line 0: uncaught exception: Object
JavaScript error: https://www.instagram.com/static/bundles/es6/ConsumerLibCommons.js/a18d4088426e.js, line 479: Error: not eligible for FB login
JavaScript warning: https://static.cdninstagram.com/rsrc.php/v3itBX4/yV/l/en_US/ELk19kgHKfe.js?_nc_x=Ij3Wp8lg5Kz, line 42: WEBGL_debug_renderer_info is deprecated in Firefox and will be removed. Please use RENDERER.
console.error: (new TypeError("parent is null", "resource://devtools/client/inspector/shared/style-change-tracker.js", 67))
TypeError: parent is null: canMutationImpactCurrentStyles@resource://devtools/client/inspector/shared/style-change-tracker.js:67:24
onMutations@resource://devtools/client/inspector/shared/style-change-tracker.js:84:41
_emit@resource://devtools/shared/event-emitter.js:242:32
emit@resource://devtools/shared/event-emitter.js:186:18
emit@resource://devtools/shared/event-emitter.js:330:18
getMutations@resource://devtools/client/fronts/walker.js:312:10

console.error: (new TypeError("nodeFront.walkerFront is null", "resource://devtools/client/inspector/markup/markup.js", 956))
TypeError: nodeFront.walkerFront is null: _onNewSelection@resource://devtools/client/inspector/markup/markup.js:956:7
_emit@resource://devtools/shared/event-emitter.js:242:32
emit@resource://devtools/shared/event-emitter.js:186:18
emit@resource://devtools/shared/event-emitter.js:330:18
setNodeFront@resource://devtools/client/framework/selection.js:206:10
onDetached@resource://devtools/client/inspector/inspector.js:1693:20
_emit@resource://devtools/shared/event-emitter.js:242:32
emit@resource://devtools/shared/event-emitter.js:186:18
emit@resource://devtools/shared/event-emitter.js:330:18
_onMutations@resource://devtools/client/framework/selection.js:104:12
_emit@resource://devtools/shared/event-emitter.js:242:32
emit@resource://devtools/shared/event-emitter.js:186:18
emit@resource://devtools/shared/event-emitter.js:330:18
getMutations@resource://devtools/client/fronts/walker.js:312:10

console.error: (new Error("Can not send request 'getUniqueSelector' because front 'domnode' is already destroyed.", "resource://devtools/shared/protocol/Front/FrontClassWithSpec.js", 28))
console.error: (new TypeError("container.node.targetFront is null", "resource://devtools/client/inspector/markup/markup.js", 2320))
JavaScript error: resource://gre/modules/AsyncShutdown.jsm, line 575: NotFoundError: No such JSWindowActor 'DevToolsFrame'
1654377331426	Marionette	INFO	Stopped listening on port 7145

###!!! [Child][PContentChild] Error: Send(msgname=PHttpChannel::Msg_DeletingChannel) Channel closing: too late to send/recv, messages will be lost


###!!! [Child][PContentChild] Error: Send(msgname=PHttpChannel::Msg_Cancel) Channel closing: too late to send/recv, messages will be lost


###!!! [Child][PContentChild] Error: Send(msgname=PHttpChannel::Msg_DeletingChannel) Channel closing: too late to send/recv, messages will be lost

1654377350266	geckodriver	INFO	Listening on 127.0.0.1:7320
1654377353326	mozrunner::runner	INFO	Running command: "C:\\Program Files\\Mozilla Firefox\\firefox.exe" "--marionette" "--remote-debugging-port" "7321" "--remote-allow-hosts" "localhost" "-no-remote" "-profile" "C:\\Users\\pc\\AppData\\Local\\Temp\\rust_mozprofilebzh3I6"
1654377353853	Marionette	INFO	Marionette enabled
WebDriver BiDi listening on ws://localhost:7321
console.warn: SearchSettings: "get: No settings file exists, new profile?" (new NotFoundError("Could not open the file at C:\\Users\\pc\\AppData\\Local\\Temp\\rust_mozprofilebzh3I6\\search.json.mozlz4", (void 0)))
1654377356429	Marionette	INFO	Listening on port 7346
DevTools listening on ws://localhost:7321/devtools/browser/a2bec9af-3cb1-4bba-966b-209eadfd06bd
Read port: 7346
1654377356546	RemoteAgent	WARN	TLS certificate errors will be ignored for this session
JavaScript error: https://www.instagram.com/static/bundles/es6/ConsumerLibCommons.js/a18d4088426e.js, line 479: Error: not eligible for FB login
console.warn: LoginRecipes: "getRecipes: falling back to a synchronous message for:" "https://www.instagram.com"
console.warn: LoginRecipes: "getRecipes: falling back to a synchronous message for:" "https://www.instagram.com"
JavaScript error: resource://gre/modules/LoginManagerParent.jsm, line 136: TypeError: gRecipeManager is null
JavaScript error: https://www.instagram.com/static/bundles/es6/ConsumerLibCommons.js/a18d4088426e.js, line 479: Error: not eligible for FB login
JavaScript error: https://www.instagram.com/static/bundles/es6/ConsumerLibCommons.js/a18d4088426e.js, line 479: Error: not eligible for FB login
1654377402510	Marionette	INFO	Stopped listening on port 7346
console.warn: TopSitesFeed: Failed to fetch data from Contile server: NetworkError when attempting to fetch resource.
1654377652870	geckodriver	INFO	Listening on 127.0.0.1:7555
1654377655918	mozrunner::runner	INFO	Running command: "C:\\Program Files\\Mozilla Firefox\\firefox.exe" "--marionette" "--remote-debugging-port" "7556" "--remote-allow-hosts" "localhost" "-no-remote" "-profile" "C:\\Users\\pc\\AppData\\Local\\Temp\\rust_mozprofilejlmTFR"
1654377656450	Marionette	INFO	Marionette enabled
WebDriver BiDi listening on ws://localhost:7556
console.warn: SearchSettings: "get: No settings file exists, new profile?" (new NotFoundError("Could not open the file at C:\\Users\\pc\\AppData\\Local\\Temp\\rust_mozprofilejlmTFR\\search.json.mozlz4", (void 0)))
1654377659070	Marionette	INFO	Listening on port 7578
Read port: 7578
DevTools listening on ws://localhost:7556/devtools/browser/a28612ec-4eab-4647-82ae-57d0ea138798
1654377659106	RemoteAgent	WARN	TLS certificate errors will be ignored for this session
console.warn: LoginRecipes: "getRecipes: falling back to a synchronous message for:" "https://www.instagram.com"
console.warn: LoginRecipes: "getRecipes: falling back to a synchronous message for:" "https://www.instagram.com"
JavaScript error: resource://gre/modules/LoginManagerParent.jsm, line 136: TypeError: gRecipeManager is null
JavaScript warning: https://static.cdninstagram.com/rsrc.php/v3itBX4/yV/l/en_US/ELk19kgHKfe.js?_nc_x=Ij3Wp8lg5Kz, line 42: WEBGL_debug_renderer_info is deprecated in Firefox and will be removed. Please use RENDERER.
JavaScript warning: https://static.cdninstagram.com/rsrc.php/v3itBX4/yV/l/en_US/ELk19kgHKfe.js?_nc_x=Ij3Wp8lg5Kz, line 42: WEBGL_debug_renderer_info is deprecated in Firefox and will be removed. Please use RENDERER.
JavaScript warning: https://static.cdninstagram.com/rsrc.php/v3itBX4/yV/l/en_US/ELk19kgHKfe.js?_nc_x=Ij3Wp8lg5Kz, line 42: WEBGL_debug_renderer_info is deprecated in Firefox and will be removed. Please use RENDERER.
JavaScript warning: https://static.cdninstagram.com/rsrc.php/v3itBX4/yV/l/en_US/ELk19kgHKfe.js?_nc_x=Ij3Wp8lg5Kz, line 42: WEBGL_debug_renderer_info is deprecated in Firefox and will be removed. Please use RENDERER.
JavaScript warning: https://static.cdninstagram.com/rsrc.php/v3iyhN4/yD/l/en_US/_a27Ao6DlqQ.js?_nc_x=Ij3Wp8lg5Kz, line 230: Script terminated by timeout at:
h@https://static.cdninstagram.com/rsrc.php/v3iyhN4/yD/l/en_US/_a27Ao6DlqQ.js?_nc_x=Ij3Wp8lg5Kz:230:287
h@https://static.cdninstagram.com/rsrc.php/v3iyhN4/yD/l/en_US/_a27Ao6DlqQ.js?_nc_x=Ij3Wp8lg5Kz:230:378
h@https://static.cdninstagram.com/rsrc.php/v3iyhN4/yD/l/en_US/_a27Ao6DlqQ.js?_nc_x=Ij3Wp8lg5Kz:2392:197
e.$5@https://static.cdninstagram.com/rsrc.php/v3iyhN4/yD/l/en_US/_a27Ao6DlqQ.js?_nc_x=Ij3Wp8lg5Kz:2392:440
e.getGetQueryRef@https://static.cdninstagram.com/rsrc.php/v3iyhN4/yD/l/en_US/_a27Ao6DlqQ.js?_nc_x=Ij3Wp8lg5Kz:2392:350
d.loadGetQuery@https://static.cdninstagram.com/rsrc.php/v3iyhN4/yD/l/en_US/_a27Ao6DlqQ.js?_nc_x=Ij3Wp8lg5Kz:2393:310
a@https://static.cdninstagram.com/rsrc.php/v3iSOO4/yM/l/en_US/rApg7B7PQZeWMHCTwHaUxJYqofZX6DhyHMo3GNabcHQBIEeAgG2JE0hdyCmZLkwTmXjXLar6p007TiZ3jgxOM2T2q9k0Svs8An9T5VAEvI3ywMBluIw7UeINJ6TRy6XVXO8naU8OBtlMaTOG1wYiYgYLVKcD3_Ky4RnAIO-DsyOpfRsjAXO3uHxr1Hre3Tml3jBs7t.js?_nc_x=Ij3Wp8lg5Kz:5517:223
a@https://static.cdninstagram.com/rsrc.php/v3iSOO4/yM/l/en_US/rApg7B7PQZeWMHCTwHaUxJYqofZX6DhyHMo3GNabcHQBIEeAgG2JE0hdyCmZLkwTmXjXLar6p007TiZ3jgxOM2T2q9k0Svs8An9T5VAEvI3ywMBluIw7UeINJ6TRy6XVXO8naU8OBtlMaTOG1wYiYgYLVKcD3_Ky4RnAIO-DsyOpfRsjAXO3uHxr1Hre3Tml3jBs7t.js?_nc_x=Ij3Wp8lg5Kz:5518:811
Oh@https://static.cdninstagram.com/rsrc.php/v3iSOO4/yM/l/en_US/rApg7B7PQZeWMHCTwHaUxJYqofZX6DhyHMo3GNabcHQBIEeAgG2JE0hdyCmZLkwTmXjXLar6p007TiZ3jgxOM2T2q9k0Svs8An9T5VAEvI3ywMBluIw7UeINJ6TRy6XVXO8naU8OBtlMaTOG1wYiYgYLVKcD3_Ky4RnAIO-DsyOpfRsjAXO3uHxr1Hre3Tml3jBs7t.js?_nc_x=Ij3Wp8lg5Kz:5412:72190
ol@https://static.cdninstagram.com/rsrc.php/v3iSOO4/yM/l/en_US/rApg7B7PQZeWMHCTwHaUxJYqofZX6DhyHMo3GNabcHQBIEeAgG2JE0hdyCmZLkwTmXjXLar6p007TiZ3jgxOM2T2q9k0Svs8An9T5VAEvI3ywMBluIw7UeINJ6TRy6XVXO8naU8OBtlMaTOG1wYiYgYLVKcD3_Ky4RnAIO-DsyOpfRsjAXO3uHxr1Hre3Tml3jBs7t.js?_nc_x=Ij3Wp8lg5Kz:5412:133467
dl@https://static.cdninstagram.com/rsrc.php/v3iSOO4/yM/l/en_US/rApg7B7PQZeWMHCTwHaUxJYqofZX6DhyHMo3GNabcHQBIEeAgG2JE0hdyCmZLkwTmXjXLar6p007TiZ3jgxOM2T2q9k0Svs8An9T5VAEvI3ywMBluIw7UeINJ6TRy6XVXO8naU8OBtlMaTOG1wYiYgYLVKcD3_Ky4RnAIO-DsyOpfRsjAXO3uHxr1Hre3Tml3jBs7t.js?_nc_x=Ij3Wp8lg5Kz:5412:128197
cl@https://static.cdninstagram.com/rsrc.php/v3iSOO4/yM/l/en_US/rApg7B7PQZeWMHCTwHaUxJYqofZX6DhyHMo3GNabcHQBIEeAgG2JE0hdyCmZLkwTmXjXLar6p007TiZ3jgxOM2T2q9k0Svs8An9T5VAEvI3ywMBluIw7UeINJ6TRy6XVXO8naU8OBtlMaTOG1wYiYgYLVKcD3_Ky4RnAIO-DsyOpfRsjAXO3uHxr1Hre3Tml3jBs7t.js?_nc_x=Ij3Wp8lg5Kz:5412:128170
Ok@https://static.cdninstagram.com/rsrc.php/v3iSOO4/yM/l/en_US/rApg7B7PQZeWMHCTwHaUxJYqofZX6DhyHMo3GNabcHQBIEeAgG2JE0hdyCmZLkwTmXjXLar6p007TiZ3jgxOM2T2q9k0Svs8An9T5VAEvI3ywMBluIw7UeINJ6TRy6XVXO8naU8OBtlMaTOG1wYiYgYLVKcD3_Ky4RnAIO-DsyOpfRsjAXO3uHxr1Hre3Tml3jBs7t.js?_nc_x=Ij3Wp8lg5Kz:5412:123077
applyWithGuard@https://static.cdninstagram.com/rsrc.php/v3/yf/r/Br7_XkPh6xB.js?_nc_x=Ij3Wp8lg5Kz:56:10113
c@https://static.cdninstagram.com/rsrc.php/v3/yf/r/Br7_XkPh6xB.js?_nc_x=Ij3Wp8lg5Kz:56:10847
Q@https://static.cdninstagram.com/rsrc.php/v3/yf/r/Br7_XkPh6xB.js?_nc_x=Ij3Wp8lg5Kz:212:2946
P@https://static.cdninstagram.com/rsrc.php/v3/yf/r/Br7_XkPh6xB.js?_nc_x=Ij3Wp8lg5Kz:212:2615
Y@https://static.cdninstagram.com/rsrc.php/v3/yf/r/Br7_XkPh6xB.js?_nc_x=Ij3Wp8lg5Kz:212:3451

JavaScript warning: https://static.cdninstagram.com/rsrc.php/v3itBX4/yV/l/en_US/ELk19kgHKfe.js?_nc_x=Ij3Wp8lg5Kz, line 42: WEBGL_debug_renderer_info is deprecated in Firefox and will be removed. Please use RENDERER.
JavaScript warning: https://static.cdninstagram.com/rsrc.php/v3itBX4/yV/l/en_US/ELk19kgHKfe.js?_nc_x=Ij3Wp8lg5Kz, line 42: WEBGL_debug_renderer_info is deprecated in Firefox and will be removed. Please use RENDERER.
JavaScript warning: https://static.cdninstagram.com/rsrc.php/v3itBX4/yV/l/en_US/ELk19kgHKfe.js?_nc_x=Ij3Wp8lg5Kz, line 42: WEBGL_debug_renderer_info is deprecated in Firefox and will be removed. Please use RENDERER.
1654378232125	Marionette	INFO	Stopped listening on port 7578
console.warn: TopSitesFeed: Failed to fetch data from Contile server: NetworkError when attempting to fetch resource.

###!!! [Child][PContentChild] Error: Send(msgname=PHttpChannel::Msg_DeletingChannel) Channel closing: too late to send/recv, messages will be lost


###!!! [Child][PContentChild] Error: Send(msgname=PHttpChannel::Msg_Cancel) Channel closing: too late to send/recv, messages will be lost


###!!! [Child][PContentChild] Error: Send(msgname=PHttpChannel::Msg_DeletingChannel) Channel closing: too late to send/recv, messages will be lost

ozlz4", (void 0)))
1654377844739	Marionette	INFO	Listening on port 14744
DevTools listening on ws://localhost:14714/devtools/browser/8381f1ca-f58b-42b1-ba42-06f912b9c9da
Read port: 14744
1654377844840	RemoteAgent	WARN	TLS certificate errors will be ignored for this session
JavaScript error: https://www.instagram.com/static/bundles/es6/ConsumerLibCommons.js/a18d4088426e.js, line 479: Error: not eligible for FB login
console.warn: LoginRecipes: "getRecipes: falling back to a synchronous message for:" "https://www.instagram.com"
console.warn: LoginRecipes: "getRecipes: falling back to a synchronous message for:" "https://www.instagram.com"
JavaScript error: resource://gre/modules/LoginManagerParent.jsm, line 136: TypeError: gRecipeManager is null
JavaScript error: https://www.instagram.com/static/bundles/es6/ConsumerLibCommons.js/a18d4088426e.js, line 479: Error: not eligible for FB login
JavaScript error: https://www.instagram.com/static/bundles/es6/ConsumerLibCommons.js/a18d4088426e.js, line 479: Error: not eligible for FB login
1654377901995	Marionette	WARN	Ignoring event 'pageshow' because document has an invalid readyState of 'uninitialized'.
JavaScript error: https://www.instagram.com/static/bundles/es6/ConsumerLibCommons.js/a18d4088426e.js, line 479: Error: not eligible for FB login
1654377958726	Marionette	INFO	Stopped listening on port 14744
console.warn: TopSitesFeed: Failed to fetch data from Contile server: NetworkError when attempting to fetch resource.

###!!! [Child][PContentChild] Error: Send(msgname=PNecko::Msg_RemoveRequestContext) Channel closing: too late to send/recv, messages will be lost


###!!! [Child][PContentChild] Error: Send(msgname=PContent::Msg_ScriptError) Channel closing: too late to send/recv, messages will be lost


###!!! [Child][PContentChild] Error: Send(msgname=PWebSocket::Msg_DeleteSelf) Channel closing: too late to send/recv, messages will be lost

json.mozlz4", (void 0)))
1654377951282	Marionette	INFO	Listening on port 14893
Read port: 14893
DevTools listening on ws://localhost:14866/devtools/browser/e9d20ff3-fb59-4664-8371-74efbfaec7c8
1654377951344	RemoteAgent	WARN	TLS certificate errors will be ignored for this session
JavaScript error: https://www.instagram.com/static/bundles/es6/ConsumerLibCommons.js/a18d4088426e.js, line 479: Error: not eligible for FB login
console.warn: LoginRecipes: "getRecipes: falling back to a synchronous message for:" "https://www.instagram.com"
console.warn: LoginRecipes: "getRecipes: falling back to a synchronous message for:" "https://www.instagram.com"
JavaScript error: resource://gre/modules/LoginManagerParent.jsm, line 136: TypeError: gRecipeManager is null
JavaScript error: https://www.instagram.com/static/bundles/es6/ConsumerLibCommons.js/a18d4088426e.js, line 479: Error: not eligible for FB login
1654377984701	Marionette	WARN	Ignoring event 'pageshow' because document has an invalid readyState of 'uninitialized'.
JavaScript error: https://www.instagram.com/static/bundles/es6/ConsumerLibCommons.js/a18d4088426e.js, line 479: Error: not eligible for FB login
JavaScript warning: https://static.cdninstagram.com/rsrc.php/v3itBX4/yV/l/en_US/ELk19kgHKfe.js?_nc_x=Ij3Wp8lg5Kz, line 42: WEBGL_debug_renderer_info is deprecated in Firefox and will be removed. Please use RENDERER.
JavaScript warning: https://static.cdninstagram.com/rsrc.php/v3itBX4/yV/l/en_US/ELk19kgHKfe.js?_nc_x=Ij3Wp8lg5Kz, line 42: WEBGL_debug_renderer_info is deprecated in Firefox and will be removed. Please use RENDERER.
JavaScript warning: https://static.cdninstagram.com/rsrc.php/v3itBX4/yV/l/en_US/ELk19kgHKfe.js?_nc_x=Ij3Wp8lg5Kz, line 42: WEBGL_debug_renderer_info is deprecated in Firefox and will be removed. Please use RENDERER.
JavaScript warning: https://static.cdninstagram.com/rsrc.php/v3itBX4/yV/l/en_US/ELk19kgHKfe.js?_nc_x=Ij3Wp8lg5Kz, line 42: WEBGL_debug_renderer_info is deprecated in Firefox and will be removed. Please use RENDERER.
JavaScript warning: https://static.cdninstagram.com/rsrc.php/v3itBX4/yV/l/en_US/ELk19kgHKfe.js?_nc_x=Ij3Wp8lg5Kz, line 42: WEBGL_debug_renderer_info is deprecated in Firefox and will be removed. Please use RENDERER.
JavaScript warning: https://static.cdninstagram.com/rsrc.php/v3itBX4/yV/l/en_US/ELk19kgHKfe.js?_nc_x=Ij3Wp8lg5Kz, line 42: WEBGL_debug_renderer_info is deprecated in Firefox and will be removed. Please use RENDERER.
JavaScript warning: https://static.cdninstagram.com/rsrc.php/v3itBX4/yV/l/en_US/ELk19kgHKfe.js?_nc_x=Ij3Wp8lg5Kz, line 42: WEBGL_debug_renderer_info is deprecated in Firefox and will be removed. Please use RENDERER.
JavaScript warning: https://static.cdninstagram.com/rsrc.php/v3itBX4/yV/l/en_US/ELk19kgHKfe.js?_nc_x=Ij3Wp8lg5Kz, line 42: WEBGL_debug_renderer_info is deprecated in Firefox and will be removed. Please use RENDERER.
1654378138463	Marionette	INFO	Stopped listening on port 14893

###!!! [Child][PContentChild] Error: RunMessage(msgname=PContent::Msg_DestroyBrowsingContextGroup) Channel closing: too late to send/recv, messages will be lost

